[0113/201131.531:ERROR:directory_reader_win.cc(43)] FindFirstFile: The system cannot find the path specified. (0x3)
[0114/002609.194:ERROR:process_memory_win.cc(73)] ReadMemory at 0x7ff7fe050000 of 64 bytes failed: Only part of a ReadProcessMemory or WriteProcessMemory request was completed. (0x12B)
[0114/002609.451:WARNING:pe_image_reader.cc(340)] could not read dos header from C:\Program Files\Google\Chrome\Application\chrome.exe
[0114/002609.451:ERROR:process_memory_win.cc(73)] ReadMemory at 0x7ffe41a00000 of 64 bytes failed: Only part of a ReadProcessMemory or WriteProcessMemory request was completed. (0x12B)
[0114/002609.451:WARNING:pe_image_reader.cc(340)] could not read dos header from C:\Windows\SYSTEM32\ntdll.dll
[0114/002609.459:ERROR:process_memory_win.cc(73)] ReadMemory at 0x7ffe40d50000 of 64 bytes failed: Only part of a ReadProcessMemory or WriteProcessMemory request was completed. (0x12B)
[0114/002609.459:WARNING:pe_image_reader.cc(340)] could not read dos header from C:\Windows\System32\KERNEL32.DLL
[0114/002609.459:ERROR:process_memory_win.cc(73)] ReadMemory at 0x7ffe3ecd0000 of 64 bytes failed: Only part of a ReadProcessMemory or WriteProcessMemory request was completed. (0x12B)
[0114/002609.459:WARNING:pe_image_reader.cc(340)] could not read dos header from C:\Windows\System32\KERNELBASE.dll
[0114/002609.459:ERROR:process_memory_win.cc(73)] ReadMemory at 0x7ffdfcc00000 of 64 bytes failed: Only part of a ReadProcessMemory or WriteProcessMemory request was completed. (0x12B)
[0114/002609.459:WARNING:pe_image_reader.cc(340)] could not read dos header from C:\Program Files\Google\Chrome\Application\87.0.4280.141\chrome_elf.dll
[0114/002609.459:ERROR:process_memory_win.cc(73)] ReadMemory at 0x7ffe38390000 of 64 bytes failed: Only part of a ReadProcessMemory or WriteProcessMemory request was completed. (0x12B)
[0114/002609.459:WARNING:pe_image_reader.cc(340)] could not read dos header from C:\Windows\SYSTEM32\VERSION.dll
[0114/002609.459:ERROR:process_memory_win.cc(73)] ReadMemory at 0x7ffe3fab0000 of 64 bytes failed: Only part of a ReadProcessMemory or WriteProcessMemory request was completed. (0x12B)
[0114/002609.459:WARNING:pe_image_reader.cc(340)] could not read dos header from C:\Windows\System32\msvcrt.dll
[0114/002609.459:ERROR:process_memory_win.cc(73)] ReadMemory at 0x7ffe3f990000 of 64 bytes failed: Only part of a ReadProcessMemory or WriteProcessMemory request was completed. (0x12B)
[0114/002609.459:WARNING:pe_image_reader.cc(340)] could not read dos header from C:\Windows\System32\bcryptPrimitives.dll
[0114/002609.459:ERROR:process_memory_win.cc(73)] ReadMemory at 0x7ffe3fd70000 of 64 bytes failed: Only part of a ReadProcessMemory or WriteProcessMemory request was completed. (0x12B)
[0114/002609.459:WARNING:pe_image_reader.cc(340)] could not read dos header from C:\Windows\System32\ADVAPI32.dll
[0114/002609.459:ERROR:process_memory_win.cc(73)] ReadMemory at 0x1f344c00000 of 64 bytes failed: Only part of a ReadProcessMemory or WriteProcessMemory request was completed. (0x12B)
[0114/002609.459:WARNING:pe_image_reader.cc(340)] could not read dos header from C:\Windows\System32\sechost.dll
[0114/002609.459:ERROR:process_memory_win.cc(73)] ReadMemory at 0x7ffe40820000 of 64 bytes failed: Only part of a ReadProcessMemory or WriteProcessMemory request was completed. (0x12B)
[0114/002609.459:WARNING:pe_image_reader.cc(340)] could not read dos header from C:\Windows\System32\RPCRT4.dll
[0114/002609.459:ERROR:process_memory_win.cc(73)] ReadMemory at 0x7ffddf850000 of 64 bytes failed: Only part of a ReadProcessMemory or WriteProcessMemory request was completed. (0x12B)
[0114/002609.459:WARNING:pe_image_reader.cc(340)] could not read dos header from C:\Program Files\Google\Chrome\Application\87.0.4280.141\chrome.dll
[0114/002609.459:ERROR:process_memory_win.cc(73)] ReadMemory at 0x7ffe3fef0000 of 64 bytes failed: Only part of a ReadProcessMemory or WriteProcessMemory request was completed. (0x12B)
[0114/002609.459:WARNING:pe_image_reader.cc(340)] could not read dos header from C:\Windows\System32\WS2_32.dll
[0114/002609.459:ERROR:process_memory_win.cc(73)] ReadMemory at 0x7ffe40940000 of 64 bytes failed: Only part of a ReadProcessMemory or WriteProcessMemory request was completed. (0x12B)
[0114/002609.460:WARNING:pe_image_reader.cc(340)] could not read dos header from C:\Windows\System32\OLEAUT32.dll
[0114/002609.460:ERROR:process_memory_win.cc(73)] ReadMemory at 0x7ffe3f0b0000 of 64 bytes failed: Only part of a ReadProcessMemory or WriteProcessMemory request was completed. (0x12B)
[0114/002609.460:WARNING:pe_image_reader.cc(340)] could not read dos header from C:\Windows\System32\msvcp_win.dll
[0114/002609.460:ERROR:process_memory_win.cc(73)] ReadMemory at 0x7ffe3efb0000 of 64 bytes failed: Only part of a ReadProcessMemory or WriteProcessMemory request was completed. (0x12B)
[0114/002609.460:WARNING:pe_image_reader.cc(340)] could not read dos header from C:\Windows\System32\ucrtbase.dll
[0114/002609.460:ERROR:process_memory_win.cc(73)] ReadMemory at 0x7ffe40a10000 of 64 bytes failed: Only part of a ReadProcessMemory or WriteProcessMemory request was completed. (0x12B)
[0114/002609.460:WARNING:pe_image_reader.cc(340)] could not read dos header from C:\Windows\System32\combase.dll
[0114/002609.460:ERROR:process_memory_win.cc(73)] ReadMemory at 0x7ffe3fa20000 of 64 bytes failed: Only part of a ReadProcessMemory or WriteProcessMemory request was completed. (0x12B)
[0114/002609.460:WARNING:pe_image_reader.cc(340)] could not read dos header from C:\Windows\System32\WINTRUST.dll
[0114/002609.460:ERROR:process_memory_win.cc(73)] ReadMemory at 0x7ffe3e8d0000 of 64 bytes failed: Only part of a ReadProcessMemory or WriteProcessMemory request was completed. (0x12B)
[0114/002609.460:WARNING:pe_image_reader.cc(340)] could not read dos header from C:\Windows\System32\MSASN1.dll
[0114/002609.460:ERROR:process_memory_win.cc(73)] ReadMemory at 0x7ffe3e970000 of 64 bytes failed: Only part of a ReadProcessMemory or WriteProcessMemory request was completed. (0x12B)
[0114/002609.460:WARNING:pe_image_reader.cc(340)] could not read dos header from C:\Windows\System32\CRYPT32.dll
[0114/002609.460:ERROR:process_memory_win.cc(73)] ReadMemory at 0x7ffe3d230000 of 64 bytes failed: Only part of a ReadProcessMemory or WriteProcessMemory request was completed. (0x12B)
[0114/002609.460:WARNING:pe_image_reader.cc(340)] could not read dos header from C:\Windows\SYSTEM32\dbghelp.dll
[0114/002609.460:ERROR:process_memory_win.cc(73)] ReadMemory at 0x7ffe3de00000 of 64 bytes failed: Only part of a ReadProcessMemory or WriteProcessMemory request was completed. (0x12B)
[0114/002609.460:WARNING:pe_image_reader.cc(340)] could not read dos header from C:\Windows\SYSTEM32\IPHLPAPI.DLL
[0114/002609.460:ERROR:process_memory_win.cc(73)] ReadMemory at 0x7ffe3c660000 of 64 bytes failed: Only part of a ReadProcessMemory or WriteProcessMemory request was completed. (0x12B)
[0114/002609.460:WARNING:pe_image_reader.cc(340)] could not read dos header from C:\Windows\SYSTEM32\WINMM.dll
[0114/002609.460:ERROR:process_memory_win.cc(73)] ReadMemory at 0x7ffe18450000 of 64 bytes failed: Only part of a ReadProcessMemory or WriteProcessMemory request was completed. (0x12B)
[0114/002609.460:WARNING:pe_image_reader.cc(340)] could not read dos header from C:\Windows\SYSTEM32\UIAutomationCore.DLL
[0114/002609.460:ERROR:process_memory_win.cc(73)] ReadMemory at 0x7ffe39990000 of 64 bytes failed: Only part of a ReadProcessMemory or WriteProcessMemory request was completed. (0x12B)
[0114/002609.460:WARNING:pe_image_reader.cc(340)] could not read dos header from C:\Windows\SYSTEM32\Secur32.dll
[0114/002609.460:ERROR:process_memory_win.cc(73)] ReadMemory at 0x7ffe3e780000 of 64 bytes failed: Only part of a ReadProcessMemory or WriteProcessMemory request was completed. (0x12B)
[0114/002609.460:WARNING:pe_image_reader.cc(340)] could not read dos header from C:\Windows\SYSTEM32\USERENV.dll
[0114/002609.460:ERROR:process_memory_win.cc(73)] ReadMemory at 0x7ffe3e8f0000 of 64 bytes failed: Only part of a ReadProcessMemory or WriteProcessMemory request was completed. (0x12B)
[0114/002609.460:WARNING:pe_image_reader.cc(340)] could not read dos header from C:\Windows\System32\profapi.dll
[0114/002609.460:ERROR:process_memory_win.cc(73)] ReadMemory at 0x7ffe2c220000 of 64 bytes failed: Only part of a ReadProcessMemory or WriteProcessMemory request was completed. (0x12B)
[0114/002609.460:WARNING:pe_image_reader.cc(340)] could not read dos header from C:\Windows\SYSTEM32\DWrite.dll
[0114/002609.461:ERROR:process_memory_win.cc(73)] ReadMemory at 0x7ffe39480000 of 64 bytes failed: Only part of a ReadProcessMemory or WriteProcessMemory request was completed. (0x12B)
[0114/002609.461:WARNING:pe_image_reader.cc(340)] could not read dos header from C:\Windows\SYSTEM32\WINSPOOL.DRV
[0114/002609.461:ERROR:process_memory_win.cc(73)] ReadMemory at 0x7ffe3e8b0000 of 64 bytes failed: Only part of a ReadProcessMemory or WriteProcessMemory request was completed. (0x12B)
[0114/002609.461:WARNING:pe_image_reader.cc(340)] could not read dos header from C:\Windows\System32\kernel.appcore.dll
[0114/002609.461:ERROR:process_memory_win.cc(73)] ReadMemory at 0x7ffe3fa80000 of 64 bytes failed: Only part of a ReadProcessMemory or WriteProcessMemory request was completed. (0x12B)
[0114/002609.461:WARNING:pe_image_reader.cc(340)] could not read dos header from C:\Windows\System32\bcrypt.dll
[0114/002609.461:ERROR:process_memory_win.cc(73)] ReadMemory at 0x7ffe32460000 of 64 bytes failed: Only part of a ReadProcessMemory or WriteProcessMemory request was completed. (0x12B)
[0114/002609.461:WARNING:pe_image_reader.cc(340)] could not read dos header from C:\Windows\SYSTEM32\WINHTTP.dll
[0114/002609.461:ERROR:process_memory_win.cc(73)] ReadMemory at 0x7ffe36d70000 of 64 bytes failed: Only part of a ReadProcessMemory or WriteProcessMemory request was completed. (0x12B)
[0114/002609.461:WARNING:pe_image_reader.cc(340)] could not read dos header from C:\Windows\SYSTEM32\dhcpcsvc.DLL
[0114/002609.461:ERROR:process_memory_win.cc(73)] ReadMemory at 0x7ffe41950000 of 64 bytes failed: Only part of a ReadProcessMemory or WriteProcessMemory request was completed. (0x12B)
[0114/002609.461:WARNING:pe_image_reader.cc(340)] could not read dos header from C:\Windows\System32\NSI.dll
[0114/002609.461:ERROR:process_memory_win.cc(73)] ReadMemory at 0x7ffe3c630000 of 64 bytes failed: Only part of a ReadProcessMemory or WriteProcessMemory request was completed. (0x12B)
[0114/002609.461:WARNING:pe_image_reader.cc(340)] could not read dos header from C:\Windows\SYSTEM32\WINMMBASE.dll
[0114/002609.461:ERROR:process_memory_win.cc(73)] ReadMemory at 0x7ffe3ec80000 of 64 bytes failed: Only part of a ReadProcessMemory or WriteProcessMemory request was completed. (0x12B)
[0114/002609.461:WARNING:pe_image_reader.cc(340)] could not read dos header from C:\Windows\System32\cfgmgr32.dll
[0114/002609.461:ERROR:process_memory_win.cc(73)] ReadMemory at 0x7ffe3ae80000 of 64 bytes failed: Only part of a ReadProcessMemory or WriteProcessMemory request was completed. (0x12B)
[0114/002609.461:WARNING:pe_image_reader.cc(340)] could not read dos header from C:\Windows\SYSTEM32\PROPSYS.dll
[0114/002609.461:ERROR:process_memory_win.cc(73)] ReadMemory at 0x7ffe40ff0000 of 64 bytes failed: Only part of a ReadProcessMemory or WriteProcessMemory request was completed. (0x12B)
[0114/002609.461:WARNING:pe_image_reader.cc(340)] could not read dos header from C:\Windows\System32\shcore.dll
[0114/002609.461:ERROR:process_memory_win.cc(73)] ReadMemory at 0x7ffe3e7b0000 of 64 bytes failed: Only part of a ReadProcessMemory or WriteProcessMemory request was completed. (0x12B)
[0114/002609.461:WARNING:pe_image_reader.cc(340)] could not read dos header from C:\Windows\SYSTEM32\SSPICLI.DLL
[0114/002609.461:ERROR:process_memory_win.cc(73)] ReadMemory at 0x7ffe3e2c0000 of 64 bytes failed: Only part of a ReadProcessMemory or WriteProcessMemory request was completed. (0x12B)
[0114/002609.461:WARNING:pe_image_reader.cc(340)] could not read dos header from C:\Windows\SYSTEM32\CRYPTBASE.DLL
[0114/002610.261:ERROR:process_memory_win.cc(73)] ReadMemory at 0x7ff7fe050000 of 64 bytes failed: Only part of a ReadProcessMemory or WriteProcessMemory request was completed. (0x12B)
[0114/002610.261:WARNING:pe_image_reader.cc(340)] could not read dos header from C:\Program Files\Google\Chrome\Application\chrome.exe
[0114/002610.261:ERROR:process_memory_win.cc(73)] ReadMemory at 0x7ffe41a00000 of 64 bytes failed: Only part of a ReadProcessMemory or WriteProcessMemory request was completed. (0x12B)
[0114/002610.261:WARNING:pe_image_reader.cc(340)] could not read dos header from C:\Windows\SYSTEM32\ntdll.dll
[0114/002610.261:ERROR:process_memory_win.cc(73)] ReadMemory at 0x7ffe40d50000 of 64 bytes failed: Only part of a ReadProcessMemory or WriteProcessMemory request was completed. (0x12B)
[0114/002610.261:WARNING:pe_image_reader.cc(340)] could not read dos header from C:\Windows\System32\KERNEL32.DLL
[0114/002610.261:ERROR:process_memory_win.cc(73)] ReadMemory at 0x7ffe3ecd0000 of 64 bytes failed: Only part of a ReadProcessMemory or WriteProcessMemory request was completed. (0x12B)
[0114/002610.261:WARNING:pe_image_reader.cc(340)] could not read dos header from C:\Windows\System32\KERNELBASE.dll
[0114/002610.262:ERROR:process_memory_win.cc(73)] ReadMemory at 0x7ffdfcc00000 of 64 bytes failed: Only part of a ReadProcessMemory or WriteProcessMemory request was completed. (0x12B)
[0114/002610.262:WARNING:pe_image_reader.cc(340)] could not read dos header from C:\Program Files\Google\Chrome\Application\87.0.4280.141\chrome_elf.dll
[0114/002610.262:ERROR:process_memory_win.cc(73)] ReadMemory at 0x7ffe38390000 of 64 bytes failed: Only part of a ReadProcessMemory or WriteProcessMemory request was completed. (0x12B)
[0114/002610.262:WARNING:pe_image_reader.cc(340)] could not read dos header from C:\Windows\SYSTEM32\VERSION.dll
[0114/002610.262:ERROR:process_memory_win.cc(73)] ReadMemory at 0x7ffe3fab0000 of 64 bytes failed: Only part of a ReadProcessMemory or WriteProcessMemory request was completed. (0x12B)
[0114/002610.262:WARNING:pe_image_reader.cc(340)] could not read dos header from C:\Windows\System32\msvcrt.dll
[0114/002610.262:ERROR:process_memory_win.cc(73)] ReadMemory at 0x7ffe3f990000 of 64 bytes failed: Only part of a ReadProcessMemory or WriteProcessMemory request was completed. (0x12B)
[0114/002610.262:WARNING:pe_image_reader.cc(340)] could not read dos header from C:\Windows\System32\bcryptPrimitives.dll
[0114/002610.262:ERROR:process_memory_win.cc(73)] ReadMemory at 0x7ffe3fd70000 of 64 bytes failed: Only part of a ReadProcessMemory or WriteProcessMemory request was completed. (0x12B)
[0114/002610.262:WARNING:pe_image_reader.cc(340)] could not read dos header from C:\Windows\System32\ADVAPI32.dll
[0114/002610.262:ERROR:process_memory_win.cc(73)] ReadMemory at 0x1f344c00000 of 64 bytes failed: Only part of a ReadProcessMemory or WriteProcessMemory request was completed. (0x12B)
[0114/002610.262:WARNING:pe_image_reader.cc(340)] could not read dos header from C:\Windows\System32\sechost.dll
[0114/002610.262:ERROR:process_memory_win.cc(73)] ReadMemory at 0x7ffe40820000 of 64 bytes failed: Only part of a ReadProcessMemory or WriteProcessMemory request was completed. (0x12B)
[0114/002610.262:WARNING:pe_image_reader.cc(340)] could not read dos header from C:\Windows\System32\RPCRT4.dll
[0114/002610.262:ERROR:process_memory_win.cc(73)] ReadMemory at 0x7ffddf850000 of 64 bytes failed: Only part of a ReadProcessMemory or WriteProcessMemory request was completed. (0x12B)
[0114/002610.262:WARNING:pe_image_reader.cc(340)] could not read dos header from C:\Program Files\Google\Chrome\Application\87.0.4280.141\chrome.dll
[0114/002610.262:ERROR:process_memory_win.cc(73)] ReadMemory at 0x7ffe3fef0000 of 64 bytes failed: Only part of a ReadProcessMemory or WriteProcessMemory request was completed. (0x12B)
[0114/002610.262:WARNING:pe_image_reader.cc(340)] could not read dos header from C:\Windows\System32\WS2_32.dll
[0114/002610.262:ERROR:process_memory_win.cc(73)] ReadMemory at 0x7ffe40940000 of 64 bytes failed: Only part of a ReadProcessMemory or WriteProcessMemory request was completed. (0x12B)
[0114/002610.262:WARNING:pe_image_reader.cc(340)] could not read dos header from C:\Windows\System32\OLEAUT32.dll
[0114/002610.262:ERROR:process_memory_win.cc(73)] ReadMemory at 0x7ffe3f0b0000 of 64 bytes failed: Only part of a ReadProcessMemory or WriteProcessMemory request was completed. (0x12B)
[0114/002610.262:WARNING:pe_image_reader.cc(340)] could not read dos header from C:\Windows\System32\msvcp_win.dll
[0114/002610.262:ERROR:process_memory_win.cc(73)] ReadMemory at 0x7ffe3efb0000 of 64 bytes failed: Only part of a ReadProcessMemory or WriteProcessMemory request was completed. (0x12B)
[0114/002610.262:WARNING:pe_image_reader.cc(340)] could not read dos header from C:\Windows\System32\ucrtbase.dll
[0114/002610.262:ERROR:process_memory_win.cc(73)] ReadMemory at 0x7ffe40a10000 of 64 bytes failed: Only part of a ReadProcessMemory or WriteProcessMemory request was completed. (0x12B)
[0114/002610.262:WARNING:pe_image_reader.cc(340)] could not read dos header from C:\Windows\System32\combase.dll
[0114/002610.262:ERROR:process_memory_win.cc(73)] ReadMemory at 0x7ffe3fa20000 of 64 bytes failed: Only part of a ReadProcessMemory or WriteProcessMemory request was completed. (0x12B)
[0114/002610.262:WARNING:pe_image_reader.cc(340)] could not read dos header from C:\Windows\System32\WINTRUST.dll
[0114/002610.262:ERROR:process_memory_win.cc(73)] ReadMemory at 0x7ffe3e8d0000 of 64 bytes failed: Only part of a ReadProcessMemory or WriteProcessMemory request was completed. (0x12B)
[0114/002610.263:WARNING:pe_image_reader.cc(340)] could not read dos header from C:\Windows\System32\MSASN1.dll
[0114/002610.263:ERROR:process_memory_win.cc(73)] ReadMemory at 0x7ffe3e970000 of 64 bytes failed: Only part of a ReadProcessMemory or WriteProcessMemory request was completed. (0x12B)
[0114/002610.263:WARNING:pe_image_reader.cc(340)] could not read dos header from C:\Windows\System32\CRYPT32.dll
[0114/002610.263:ERROR:process_memory_win.cc(73)] ReadMemory at 0x7ffe3d230000 of 64 bytes failed: Only part of a ReadProcessMemory or WriteProcessMemory request was completed. (0x12B)
[0114/002610.263:WARNING:pe_image_reader.cc(340)] could not read dos header from C:\Windows\SYSTEM32\dbghelp.dll
[0114/002610.263:ERROR:process_memory_win.cc(73)] ReadMemory at 0x7ffe3de00000 of 64 bytes failed: Only part of a ReadProcessMemory or WriteProcessMemory request was completed. (0x12B)
[0114/002610.263:WARNING:pe_image_reader.cc(340)] could not read dos header from C:\Windows\SYSTEM32\IPHLPAPI.DLL
[0114/002610.263:ERROR:process_memory_win.cc(73)] ReadMemory at 0x7ffe3c660000 of 64 bytes failed: Only part of a ReadProcessMemory or WriteProcessMemory request was completed. (0x12B)
[0114/002610.263:WARNING:pe_image_reader.cc(340)] could not read dos header from C:\Windows\SYSTEM32\WINMM.dll
[0114/002610.263:ERROR:process_memory_win.cc(73)] ReadMemory at 0x7ffe18450000 of 64 bytes failed: Only part of a ReadProcessMemory or WriteProcessMemory request was completed. (0x12B)
[0114/002610.263:WARNING:pe_image_reader.cc(340)] could not read dos header from C:\Windows\SYSTEM32\UIAutomationCore.DLL
[0114/002610.263:ERROR:process_memory_win.cc(73)] ReadMemory at 0x7ffe39990000 of 64 bytes failed: Only part of a ReadProcessMemory or WriteProcessMemory request was completed. (0x12B)
[0114/002610.263:WARNING:pe_image_reader.cc(340)] could not read dos header from C:\Windows\SYSTEM32\Secur32.dll
[0114/002610.263:ERROR:process_memory_win.cc(73)] ReadMemory at 0x7ffe3e780000 of 64 bytes failed: Only part of a ReadProcessMemory or WriteProcessMemory request was completed. (0x12B)
[0114/002610.263:WARNING:pe_image_reader.cc(340)] could not read dos header from C:\Windows\SYSTEM32\USERENV.dll
[0114/002610.263:ERROR:process_memory_win.cc(73)] ReadMemory at 0x7ffe3e8f0000 of 64 bytes failed: Only part of a ReadProcessMemory or WriteProcessMemory request was completed. (0x12B)
[0114/002610.263:WARNING:pe_image_reader.cc(340)] could not read dos header from C:\Windows\System32\profapi.dll
[0114/002610.263:ERROR:process_memory_win.cc(73)] ReadMemory at 0x7ffe2c220000 of 64 bytes failed: Only part of a ReadProcessMemory or WriteProcessMemory request was completed. (0x12B)
[0114/002610.263:WARNING:pe_image_reader.cc(340)] could not read dos header from C:\Windows\SYSTEM32\DWrite.dll
[0114/002610.263:ERROR:process_memory_win.cc(73)] ReadMemory at 0x7ffe39480000 of 64 bytes failed: Only part of a ReadProcessMemory or WriteProcessMemory request was completed. (0x12B)
[0114/002610.263:WARNING:pe_image_reader.cc(340)] could not read dos header from C:\Windows\SYSTEM32\WINSPOOL.DRV
[0114/002610.263:ERROR:process_memory_win.cc(73)] ReadMemory at 0x7ffe3e8b0000 of 64 bytes failed: Only part of a ReadProcessMemory or WriteProcessMemory request was completed. (0x12B)
[0114/002610.263:WARNING:pe_image_reader.cc(340)] could not read dos header from C:\Windows\System32\kernel.appcore.dll
[0114/002610.263:ERROR:process_memory_win.cc(73)] ReadMemory at 0x7ffe3fa80000 of 64 bytes failed: Only part of a ReadProcessMemory or WriteProcessMemory request was completed. (0x12B)
[0114/002610.263:WARNING:pe_image_reader.cc(340)] could not read dos header from C:\Windows\System32\bcrypt.dll
[0114/002610.264:ERROR:process_memory_win.cc(73)] ReadMemory at 0x7ffe32460000 of 64 bytes failed: Only part of a ReadProcessMemory or WriteProcessMemory request was completed. (0x12B)
[0114/002610.264:WARNING:pe_image_reader.cc(340)] could not read dos header from C:\Windows\SYSTEM32\WINHTTP.dll
[0114/002610.264:ERROR:process_memory_win.cc(73)] ReadMemory at 0x7ffe36d70000 of 64 bytes failed: Only part of a ReadProcessMemory or WriteProcessMemory request was completed. (0x12B)
[0114/002610.264:WARNING:pe_image_reader.cc(340)] could not read dos header from C:\Windows\SYSTEM32\dhcpcsvc.DLL
[0114/002610.264:ERROR:process_memory_win.cc(73)] ReadMemory at 0x7ffe41950000 of 64 bytes failed: Only part of a ReadProcessMemory or WriteProcessMemory request was completed. (0x12B)
[0114/002610.264:WARNING:pe_image_reader.cc(340)] could not read dos header from C:\Windows\System32\NSI.dll
[0114/002610.264:ERROR:process_memory_win.cc(73)] ReadMemory at 0x7ffe3c630000 of 64 bytes failed: Only part of a ReadProcessMemory or WriteProcessMemory request was completed. (0x12B)
[0114/002610.264:WARNING:pe_image_reader.cc(340)] could not read dos header from C:\Windows\SYSTEM32\WINMMBASE.dll
[0114/002610.264:ERROR:process_memory_win.cc(73)] ReadMemory at 0x7ffe3ec80000 of 64 bytes failed: Only part of a ReadProcessMemory or WriteProcessMemory request was completed. (0x12B)
[0114/002610.264:WARNING:pe_image_reader.cc(340)] could not read dos header from C:\Windows\System32\cfgmgr32.dll
[0114/002610.264:ERROR:process_memory_win.cc(73)] ReadMemory at 0x7ffe3ae80000 of 64 bytes failed: Only part of a ReadProcessMemory or WriteProcessMemory request was completed. (0x12B)
[0114/002610.264:WARNING:pe_image_reader.cc(340)] could not read dos header from C:\Windows\SYSTEM32\PROPSYS.dll
[0114/002610.264:ERROR:process_memory_win.cc(73)] ReadMemory at 0x7ffe40ff0000 of 64 bytes failed: Only part of a ReadProcessMemory or WriteProcessMemory request was completed. (0x12B)
[0114/002610.264:WARNING:pe_image_reader.cc(340)] could not read dos header from C:\Windows\System32\shcore.dll
[0114/002610.264:ERROR:process_memory_win.cc(73)] ReadMemory at 0x7ffe3e7b0000 of 64 bytes failed: Only part of a ReadProcessMemory or WriteProcessMemory request was completed. (0x12B)
[0114/002610.264:WARNING:pe_image_reader.cc(340)] could not read dos header from C:\Windows\SYSTEM32\SSPICLI.DLL
[0114/002610.264:ERROR:process_memory_win.cc(73)] ReadMemory at 0x7ffe3e2c0000 of 64 bytes failed: Only part of a ReadProcessMemory or WriteProcessMemory request was completed. (0x12B)
[0114/002610.264:WARNING:pe_image_reader.cc(340)] could not read dos header from C:\Windows\SYSTEM32\CRYPTBASE.DLL
[0114/002610.264:ERROR:process_memory_win.cc(73)] ReadMemory at 0x7ff7fe050000 of 64 bytes failed: Only part of a ReadProcessMemory or WriteProcessMemory request was completed. (0x12B)
[0114/002610.264:WARNING:pe_image_reader.cc(340)] could not read dos header from C:\Program Files\Google\Chrome\Application\chrome.exe
[0114/002610.264:ERROR:process_memory_win.cc(73)] ReadMemory at 0x7ffe41a00000 of 64 bytes failed: Only part of a ReadProcessMemory or WriteProcessMemory request was completed. (0x12B)
[0114/002610.264:WARNING:pe_image_reader.cc(340)] could not read dos header from C:\Windows\SYSTEM32\ntdll.dll
[0114/002610.264:ERROR:process_memory_win.cc(73)] ReadMemory at 0x7ffe40d50000 of 64 bytes failed: Only part of a ReadProcessMemory or WriteProcessMemory request was completed. (0x12B)
[0114/002610.264:WARNING:pe_image_reader.cc(340)] could not read dos header from C:\Windows\System32\KERNEL32.DLL
[0114/002610.264:ERROR:process_memory_win.cc(73)] ReadMemory at 0x7ffe3ecd0000 of 64 bytes failed: Only part of a ReadProcessMemory or WriteProcessMemory request was completed. (0x12B)
[0114/002610.264:WARNING:pe_image_reader.cc(340)] could not read dos header from C:\Windows\System32\KERNELBASE.dll
[0114/002610.264:ERROR:process_memory_win.cc(73)] ReadMemory at 0x7ffdfcc00000 of 64 bytes failed: Only part of a ReadProcessMemory or WriteProcessMemory request was completed. (0x12B)
[0114/002610.264:WARNING:pe_image_reader.cc(340)] could not read dos header from C:\Program Files\Google\Chrome\Application\87.0.4280.141\chrome_elf.dll
[0114/002610.264:ERROR:process_memory_win.cc(73)] ReadMemory at 0x7ffe38390000 of 64 bytes failed: Only part of a ReadProcessMemory or WriteProcessMemory request was completed. (0x12B)
[0114/002610.264:WARNING:pe_image_reader.cc(340)] could not read dos header from C:\Windows\SYSTEM32\VERSION.dll
[0114/002610.265:ERROR:process_memory_win.cc(73)] ReadMemory at 0x7ffe3fab0000 of 64 bytes failed: Only part of a ReadProcessMemory or WriteProcessMemory request was completed. (0x12B)
[0114/002610.265:WARNING:pe_image_reader.cc(340)] could not read dos header from C:\Windows\System32\msvcrt.dll
[0114/002610.265:ERROR:process_memory_win.cc(73)] ReadMemory at 0x7ffe3f990000 of 64 bytes failed: Only part of a ReadProcessMemory or WriteProcessMemory request was completed. (0x12B)
[0114/002610.265:WARNING:pe_image_reader.cc(340)] could not read dos header from C:\Windows\System32\bcryptPrimitives.dll
[0114/002610.265:ERROR:process_memory_win.cc(73)] ReadMemory at 0x7ffe3fd70000 of 64 bytes failed: Only part of a ReadProcessMemory or WriteProcessMemory request was completed. (0x12B)
[0114/002610.265:WARNING:pe_image_reader.cc(340)] could not read dos header from C:\Windows\System32\ADVAPI32.dll
[0114/002610.265:ERROR:process_memory_win.cc(73)] ReadMemory at 0x1f344c00000 of 64 bytes failed: Only part of a ReadProcessMemory or WriteProcessMemory request was completed. (0x12B)
[0114/002610.265:WARNING:pe_image_reader.cc(340)] could not read dos header from C:\Windows\System32\sechost.dll
[0114/002610.265:ERROR:process_memory_win.cc(73)] ReadMemory at 0x7ffe40820000 of 64 bytes failed: Only part of a ReadProcessMemory or WriteProcessMemory request was completed. (0x12B)
[0114/002610.265:WARNING:pe_image_reader.cc(340)] could not read dos header from C:\Windows\System32\RPCRT4.dll
[0114/002610.265:ERROR:process_memory_win.cc(73)] ReadMemory at 0x7ffddf850000 of 64 bytes failed: Only part of a ReadProcessMemory or WriteProcessMemory request was completed. (0x12B)
[0114/002610.265:WARNING:pe_image_reader.cc(340)] could not read dos header from C:\Program Files\Google\Chrome\Application\87.0.4280.141\chrome.dll
[0114/002610.265:ERROR:process_memory_win.cc(73)] ReadMemory at 0x7ffe3fef0000 of 64 bytes failed: Only part of a ReadProcessMemory or WriteProcessMemory request was completed. (0x12B)
[0114/002610.265:WARNING:pe_image_reader.cc(340)] could not read dos header from C:\Windows\System32\WS2_32.dll
[0114/002610.265:ERROR:process_memory_win.cc(73)] ReadMemory at 0x7ffe40940000 of 64 bytes failed: Only part of a ReadProcessMemory or WriteProcessMemory request was completed. (0x12B)
[0114/002610.265:WARNING:pe_image_reader.cc(340)] could not read dos header from C:\Windows\System32\OLEAUT32.dll
[0114/002610.265:ERROR:process_memory_win.cc(73)] ReadMemory at 0x7ffe3f0b0000 of 64 bytes failed: Only part of a ReadProcessMemory or WriteProcessMemory request was completed. (0x12B)
[0114/002610.265:WARNING:pe_image_reader.cc(340)] could not read dos header from C:\Windows\System32\msvcp_win.dll
[0114/002610.265:ERROR:process_memory_win.cc(73)] ReadMemory at 0x7ffe3efb0000 of 64 bytes failed: Only part of a ReadProcessMemory or WriteProcessMemory request was completed. (0x12B)
[0114/002610.265:WARNING:pe_image_reader.cc(340)] could not read dos header from C:\Windows\System32\ucrtbase.dll
[0114/002610.265:ERROR:process_memory_win.cc(73)] ReadMemory at 0x7ffe40a10000 of 64 bytes failed: Only part of a ReadProcessMemory or WriteProcessMemory request was completed. (0x12B)
[0114/002610.265:WARNING:pe_image_reader.cc(340)] could not read dos header from C:\Windows\System32\combase.dll
[0114/002610.265:ERROR:process_memory_win.cc(73)] ReadMemory at 0x7ffe3fa20000 of 64 bytes failed: Only part of a ReadProcessMemory or WriteProcessMemory request was completed. (0x12B)
[0114/002610.265:WARNING:pe_image_reader.cc(340)] could not read dos header from C:\Windows\System32\WINTRUST.dll
[0114/002610.265:ERROR:process_memory_win.cc(73)] ReadMemory at 0x7ffe3e8d0000 of 64 bytes failed: Only part of a ReadProcessMemory or WriteProcessMemory request was completed. (0x12B)
[0114/002610.265:WARNING:pe_image_reader.cc(340)] could not read dos header from C:\Windows\System32\MSASN1.dll
[0114/002610.266:ERROR:process_memory_win.cc(73)] ReadMemory at 0x7ffe3e970000 of 64 bytes failed: Only part of a ReadProcessMemory or WriteProcessMemory request was completed. (0x12B)
[0114/002610.266:WARNING:pe_image_reader.cc(340)] could not read dos header from C:\Windows\System32\CRYPT32.dll
[0114/002610.266:ERROR:process_memory_win.cc(73)] ReadMemory at 0x7ffe3d230000 of 64 bytes failed: Only part of a ReadProcessMemory or WriteProcessMemory request was completed. (0x12B)
[0114/002610.266:WARNING:pe_image_reader.cc(340)] could not read dos header from C:\Windows\SYSTEM32\dbghelp.dll
[0114/002610.266:ERROR:process_memory_win.cc(73)] ReadMemory at 0x7ffe3de00000 of 64 bytes failed: Only part of a ReadProcessMemory or WriteProcessMemory request was completed. (0x12B)
[0114/002610.266:WARNING:pe_image_reader.cc(340)] could not read dos header from C:\Windows\SYSTEM32\IPHLPAPI.DLL
[0114/002610.266:ERROR:process_memory_win.cc(73)] ReadMemory at 0x7ffe3c660000 of 64 bytes failed: Only part of a ReadProcessMemory or WriteProcessMemory request was completed. (0x12B)
[0114/002610.266:WARNING:pe_image_reader.cc(340)] could not read dos header from C:\Windows\SYSTEM32\WINMM.dll
[0114/002610.266:ERROR:process_memory_win.cc(73)] ReadMemory at 0x7ffe18450000 of 64 bytes failed: Only part of a ReadProcessMemory or WriteProcessMemory request was completed. (0x12B)
[0114/002610.266:WARNING:pe_image_reader.cc(340)] could not read dos header from C:\Windows\SYSTEM32\UIAutomationCore.DLL
[0114/002610.266:ERROR:process_memory_win.cc(73)] ReadMemory at 0x7ffe39990000 of 64 bytes failed: Only part of a ReadProcessMemory or WriteProcessMemory request was completed. (0x12B)
[0114/002610.266:WARNING:pe_image_reader.cc(340)] could not read dos header from C:\Windows\SYSTEM32\Secur32.dll
[0114/002610.266:ERROR:process_memory_win.cc(73)] ReadMemory at 0x7ffe3e780000 of 64 bytes failed: Only part of a ReadProcessMemory or WriteProcessMemory request was completed. (0x12B)
[0114/002610.266:WARNING:pe_image_reader.cc(340)] could not read dos header from C:\Windows\SYSTEM32\USERENV.dll
[0114/002610.266:ERROR:process_memory_win.cc(73)] ReadMemory at 0x7ffe3e8f0000 of 64 bytes failed: Only part of a ReadProcessMemory or WriteProcessMemory request was completed. (0x12B)
[0114/002610.266:WARNING:pe_image_reader.cc(340)] could not read dos header from C:\Windows\System32\profapi.dll
[0114/002610.266:ERROR:process_memory_win.cc(73)] ReadMemory at 0x7ffe2c220000 of 64 bytes failed: Only part of a ReadProcessMemory or WriteProcessMemory request was completed. (0x12B)
[0114/002610.266:WARNING:pe_image_reader.cc(340)] could not read dos header from C:\Windows\SYSTEM32\DWrite.dll
[0114/002610.266:ERROR:process_memory_win.cc(73)] ReadMemory at 0x7ffe39480000 of 64 bytes failed: Only part of a ReadProcessMemory or WriteProcessMemory request was completed. (0x12B)
[0114/002610.266:WARNING:pe_image_reader.cc(340)] could not read dos header from C:\Windows\SYSTEM32\WINSPOOL.DRV
[0114/002610.266:ERROR:process_memory_win.cc(73)] ReadMemory at 0x7ffe3e8b0000 of 64 bytes failed: Only part of a ReadProcessMemory or WriteProcessMemory request was completed. (0x12B)
[0114/002610.266:WARNING:pe_image_reader.cc(340)] could not read dos header from C:\Windows\System32\kernel.appcore.dll
[0114/002610.266:ERROR:process_memory_win.cc(73)] ReadMemory at 0x7ffe3fa80000 of 64 bytes failed: Only part of a ReadProcessMemory or WriteProcessMemory request was completed. (0x12B)
[0114/002610.266:WARNING:pe_image_reader.cc(340)] could not read dos header from C:\Windows\System32\bcrypt.dll
[0114/002610.266:ERROR:process_memory_win.cc(73)] ReadMemory at 0x7ffe32460000 of 64 bytes failed: Only part of a ReadProcessMemory or WriteProcessMemory request was completed. (0x12B)
[0114/002610.266:WARNING:pe_image_reader.cc(340)] could not read dos header from C:\Windows\SYSTEM32\WINHTTP.dll
[0114/002610.266:ERROR:process_memory_win.cc(73)] ReadMemory at 0x7ffe36d70000 of 64 bytes failed: Only part of a ReadProcessMemory or WriteProcessMemory request was completed. (0x12B)
[0114/002610.266:WARNING:pe_image_reader.cc(340)] could not read dos header from C:\Windows\SYSTEM32\dhcpcsvc.DLL
[0114/002610.267:ERROR:process_memory_win.cc(73)] ReadMemory at 0x7ffe41950000 of 64 bytes failed: Only part of a ReadProcessMemory or WriteProcessMemory request was completed. (0x12B)
[0114/002610.267:WARNING:pe_image_reader.cc(340)] could not read dos header from C:\Windows\System32\NSI.dll
[0114/002610.267:ERROR:process_memory_win.cc(73)] ReadMemory at 0x7ffe3c630000 of 64 bytes failed: Only part of a ReadProcessMemory or WriteProcessMemory request was completed. (0x12B)
[0114/002610.267:WARNING:pe_image_reader.cc(340)] could not read dos header from C:\Windows\SYSTEM32\WINMMBASE.dll
[0114/002610.267:ERROR:process_memory_win.cc(73)] ReadMemory at 0x7ffe3ec80000 of 64 bytes failed: Only part of a ReadProcessMemory or WriteProcessMemory request was completed. (0x12B)
[0114/002610.267:WARNING:pe_image_reader.cc(340)] could not read dos header from C:\Windows\System32\cfgmgr32.dll
[0114/002610.267:ERROR:process_memory_win.cc(73)] ReadMemory at 0x7ffe3ae80000 of 64 bytes failed: Only part of a ReadProcessMemory or WriteProcessMemory request was completed. (0x12B)
[0114/002610.267:WARNING:pe_image_reader.cc(340)] could not read dos header from C:\Windows\SYSTEM32\PROPSYS.dll
[0114/002610.267:ERROR:process_memory_win.cc(73)] ReadMemory at 0x7ffe40ff0000 of 64 bytes failed: Only part of a ReadProcessMemory or WriteProcessMemory request was completed. (0x12B)
[0114/002610.267:WARNING:pe_image_reader.cc(340)] could not read dos header from C:\Windows\System32\shcore.dll
[0114/002610.267:ERROR:process_memory_win.cc(73)] ReadMemory at 0x7ffe3e7b0000 of 64 bytes failed: Only part of a ReadProcessMemory or WriteProcessMemory request was completed. (0x12B)
[0114/002610.267:WARNING:pe_image_reader.cc(340)] could not read dos header from C:\Windows\SYSTEM32\SSPICLI.DLL
[0114/002610.267:ERROR:process_memory_win.cc(73)] ReadMemory at 0x7ffe3e2c0000 of 64 bytes failed: Only part of a ReadProcessMemory or WriteProcessMemory request was completed. (0x12B)
[0114/002610.267:WARNING:pe_image_reader.cc(340)] could not read dos header from C:\Windows\SYSTEM32\CRYPTBASE.DLL
[0114/002611.127:ERROR:process_memory_win.cc(73)] ReadMemory at 0xc7e67bb000 of 282624 bytes failed: Only part of a ReadProcessMemory or WriteProcessMemory request was completed. (0x12B)
[0114/002611.128:ERROR:process_memory_win.cc(73)] ReadMemory at 0xc7e6ffe000 of 8192 bytes failed: Only part of a ReadProcessMemory or WriteProcessMemory request was completed. (0x12B)
[0114/002611.128:ERROR:process_memory_win.cc(73)] ReadMemory at 0xc7e77f0000 of 65536 bytes failed: Only part of a ReadProcessMemory or WriteProcessMemory request was completed. (0x12B)
[0114/002611.128:ERROR:process_memory_win.cc(73)] ReadMemory at 0xc7e7ffe000 of 8192 bytes failed: Only part of a ReadProcessMemory or WriteProcessMemory request was completed. (0x12B)
[0114/002611.128:ERROR:process_memory_win.cc(73)] ReadMemory at 0xc7e87fc000 of 16384 bytes failed: Only part of a ReadProcessMemory or WriteProcessMemory request was completed. (0x12B)
[0114/002611.128:ERROR:process_memory_win.cc(73)] ReadMemory at 0xc7e97fe000 of 8192 bytes failed: Only part of a ReadProcessMemory or WriteProcessMemory request was completed. (0x12B)
[0114/002611.128:ERROR:process_memory_win.cc(73)] ReadMemory at 0xc7e9ffe000 of 8192 bytes failed: Only part of a ReadProcessMemory or WriteProcessMemory request was completed. (0x12B)
[0114/002611.128:ERROR:process_memory_win.cc(73)] ReadMemory at 0xc7ea7fc000 of 16384 bytes failed: Only part of a ReadProcessMemory or WriteProcessMemory request was completed. (0x12B)
[0114/002611.128:ERROR:process_memory_win.cc(73)] ReadMemory at 0xc7eb7fb000 of 20480 bytes failed: Only part of a ReadProcessMemory or WriteProcessMemory request was completed. (0x12B)
[0114/002611.128:ERROR:process_memory_win.cc(73)] ReadMemory at 0xc7ebffc000 of 16384 bytes failed: Only part of a ReadProcessMemory or WriteProcessMemory request was completed. (0x12B)
[0114/002611.128:ERROR:process_memory_win.cc(73)] ReadMemory at 0xc7ec7fc000 of 16384 bytes failed: Only part of a ReadProcessMemory or WriteProcessMemory request was completed. (0x12B)
[0114/002611.129:ERROR:process_memory_win.cc(73)] ReadMemory at 0xc7ecffc000 of 16384 bytes failed: Only part of a ReadProcessMemory or WriteProcessMemory request was completed. (0x12B)
[0114/002611.129:ERROR:process_memory_win.cc(73)] ReadMemory at 0xc7eeffb000 of 20480 bytes failed: Only part of a ReadProcessMemory or WriteProcessMemory request was completed. (0x12B)
[0114/002611.129:ERROR:process_memory_win.cc(73)] ReadMemory at 0xc7e8ff6000 of 40960 bytes failed: Only part of a ReadProcessMemory or WriteProcessMemory request was completed. (0x12B)
[0114/002611.129:ERROR:process_memory_win.cc(73)] ReadMemory at 0xc7eaff5000 of 45056 bytes failed: Only part of a ReadProcessMemory or WriteProcessMemory request was completed. (0x12B)
[0114/002611.129:ERROR:process_memory_win.cc(73)] ReadMemory at 0xc7ed7fe000 of 8192 bytes failed: Only part of a ReadProcessMemory or WriteProcessMemory request was completed. (0x12B)
[0114/002611.129:ERROR:process_memory_win.cc(73)] ReadMemory at 0xc7ee7fe000 of 8192 bytes failed: Only part of a ReadProcessMemory or WriteProcessMemory request was completed. (0x12B)
[0114/002611.129:ERROR:process_memory_win.cc(73)] ReadMemory at 0xc7edfff000 of 4096 bytes failed: Only part of a ReadProcessMemory or WriteProcessMemory request was completed. (0x12B)
[0114/002611.362:ERROR:process_memory_win.cc(73)] ReadMemory at 0xc7e5ee6000 of 852 bytes failed: Only part of a ReadProcessMemory or WriteProcessMemory request was completed. (0x12B)
[0114/002611.478:ERROR:process_memory_win.cc(73)] ReadMemory at 0xc7e5ee7000 of 6024 bytes failed: Only part of a ReadProcessMemory or WriteProcessMemory request was completed. (0x12B)
[0114/002611.479:ERROR:process_memory_win.cc(73)] ReadMemory at 0xc7e5ee9000 of 6024 bytes failed: Only part of a ReadProcessMemory or WriteProcessMemory request was completed. (0x12B)
[0114/002611.481:ERROR:process_memory_win.cc(73)] ReadMemory at 0xc7e5eeb000 of 6024 bytes failed: Only part of a ReadProcessMemory or WriteProcessMemory request was completed. (0x12B)
[0114/002611.481:ERROR:process_memory_win.cc(73)] ReadMemory at 0xc7e5eed000 of 6024 bytes failed: Only part of a ReadProcessMemory or WriteProcessMemory request was completed. (0x12B)
[0114/002611.482:ERROR:process_memory_win.cc(73)] ReadMemory at 0xc7e5eef000 of 6024 bytes failed: Only part of a ReadProcessMemory or WriteProcessMemory request was completed. (0x12B)
[0114/002611.482:ERROR:process_memory_win.cc(73)] ReadMemory at 0xc7e5ef3000 of 6024 bytes failed: Only part of a ReadProcessMemory or WriteProcessMemory request was completed. (0x12B)
[0114/002611.483:ERROR:process_memory_win.cc(73)] ReadMemory at 0xc7e5ef5000 of 6024 bytes failed: Only part of a ReadProcessMemory or WriteProcessMemory request was completed. (0x12B)
[0114/002611.484:ERROR:process_memory_win.cc(73)] ReadMemory at 0xc7e5ef7000 of 6024 bytes failed: Only part of a ReadProcessMemory or WriteProcessMemory request was completed. (0x12B)
[0114/002611.484:ERROR:process_memory_win.cc(73)] ReadMemory at 0xc7e5efb000 of 6024 bytes failed: Only part of a ReadProcessMemory or WriteProcessMemory request was completed. (0x12B)
[0114/002611.484:ERROR:process_memory_win.cc(73)] ReadMemory at 0xc7e5efd000 of 6024 bytes failed: Only part of a ReadProcessMemory or WriteProcessMemory request was completed. (0x12B)
[0114/002611.486:ERROR:process_memory_win.cc(73)] ReadMemory at 0xc7e5eff000 of 6024 bytes failed: Only part of a ReadProcessMemory or WriteProcessMemory request was completed. (0x12B)
[0114/002611.486:ERROR:process_memory_win.cc(73)] ReadMemory at 0xc7e5f01000 of 6024 bytes failed: Only part of a ReadProcessMemory or WriteProcessMemory request was completed. (0x12B)
[0114/002611.486:ERROR:process_memory_win.cc(73)] ReadMemory at 0xc7e5f09000 of 6024 bytes failed: Only part of a ReadProcessMemory or WriteProcessMemory request was completed. (0x12B)
[0114/002611.486:ERROR:process_memory_win.cc(73)] ReadMemory at 0xc7e5f0b000 of 6024 bytes failed: Only part of a ReadProcessMemory or WriteProcessMemory request was completed. (0x12B)
[0114/002611.488:ERROR:process_memory_win.cc(73)] ReadMemory at 0xc7e5f0d000 of 6024 bytes failed: Only part of a ReadProcessMemory or WriteProcessMemory request was completed. (0x12B)
[0114/002611.488:ERROR:process_memory_win.cc(73)] ReadMemory at 0xc7e5f0f000 of 6024 bytes failed: Only part of a ReadProcessMemory or WriteProcessMemory request was completed. (0x12B)
[0114/002611.489:ERROR:process_memory_win.cc(73)] ReadMemory at 0xc7e5f27000 of 6024 bytes failed: Only part of a ReadProcessMemory or WriteProcessMemory request was completed. (0x12B)
[0114/002611.489:ERROR:process_memory_win.cc(73)] ReadMemory at 0xc7e5f31000 of 6024 bytes failed: Only part of a ReadProcessMemory or WriteProcessMemory request was completed. (0x12B)
[0114/002611.490:ERROR:process_memory_win.cc(73)] ReadMemory at 0x1f344a30000 of 384 bytes failed: Only part of a ReadProcessMemory or WriteProcessMemory request was completed. (0x12B)
[0114/002611.512:ERROR:process_memory_win.cc(73)] ReadMemory at 0x1f344a30fe0 of 4192 bytes failed: Only part of a ReadProcessMemory or WriteProcessMemory request was completed. (0x12B)
[0114/002611.513:ERROR:process_memory_win.cc(73)] ReadMemory at 0x1f344a32050 of 1012 bytes failed: Only part of a ReadProcessMemory or WriteProcessMemory request was completed. (0x12B)
[0114/002611.513:ERROR:process_memory_win.cc(73)] ReadMemory at 0x1f344a32698 of 106 bytes failed: Only part of a ReadProcessMemory or WriteProcessMemory request was completed. (0x12B)
[0114/002611.513:ERROR:process_memory_win.cc(73)] ReadMemory at 0x1f344a32704 of 700 bytes failed: Only part of a ReadProcessMemory or WriteProcessMemory request was completed. (0x12B)
[0114/002611.514:ERROR:process_memory_win.cc(73)] ReadMemory at 0x1f344a329c2 of 106 bytes failed: Only part of a ReadProcessMemory or WriteProcessMemory request was completed. (0x12B)
[0114/002611.540:ERROR:process_memory_win.cc(73)] ReadMemory at 0x1f344a32a2e of 102 bytes failed: Only part of a ReadProcessMemory or WriteProcessMemory request was completed. (0x12B)
[0114/002611.541:ERROR:process_memory_win.cc(73)] ReadMemory at 0x1f344a32aa0 of 58 bytes failed: Only part of a ReadProcessMemory or WriteProcessMemory request was completed. (0x12B)
[0114/002611.541:ERROR:process_memory_win.cc(73)] ReadMemory at 0x1f344a32ba0 of 132 bytes failed: Only part of a ReadProcessMemory or WriteProcessMemory request was completed. (0x12B)
[0114/002611.541:ERROR:process_memory_win.cc(73)] ReadMemory at 0x1f344a32d30 of 132 bytes failed: Only part of a ReadProcessMemory or WriteProcessMemory request was completed. (0x12B)
[0114/002611.542:ERROR:process_memory_win.cc(73)] ReadMemory at 0x1f344a32ef0 of 114 bytes failed: Only part of a ReadProcessMemory or WriteProcessMemory request was completed. (0x12B)
[0114/002611.542:ERROR:process_memory_win.cc(73)] ReadMemory at 0x1f344a333f0 of 132 bytes failed: Only part of a ReadProcessMemory or WriteProcessMemory request was completed. (0x12B)
[0114/002611.543:ERROR:process_memory_win.cc(73)] ReadMemory at 0x1f344a33580 of 64 bytes failed: Only part of a ReadProcessMemory or WriteProcessMemory request was completed. (0x12B)
[0114/002611.543:ERROR:process_memory_win.cc(73)] ReadMemory at 0x1f344a33730 of 132 bytes failed: Only part of a ReadProcessMemory or WriteProcessMemory request was completed. (0x12B)
[0114/002611.543:ERROR:process_memory_win.cc(73)] ReadMemory at 0x1f344a339e0 of 132 bytes failed: Only part of a ReadProcessMemory or WriteProcessMemory request was completed. (0x12B)
[0114/002611.544:ERROR:process_memory_win.cc(73)] ReadMemory at 0x1f344a33b70 of 68 bytes failed: Only part of a ReadProcessMemory or WriteProcessMemory request was completed. (0x12B)
[0114/002611.544:ERROR:process_memory_win.cc(73)] ReadMemory at 0x1f344a34c20 of 132 bytes failed: Only part of a ReadProcessMemory or WriteProcessMemory request was completed. (0x12B)
[0114/002611.544:ERROR:process_memory_win.cc(73)] ReadMemory at 0x1f344a34d50 of 142 bytes failed: Only part of a ReadProcessMemory or WriteProcessMemory request was completed. (0x12B)
[0114/002611.545:ERROR:process_memory_win.cc(73)] ReadMemory at 0x1f344a35430 of 62 bytes failed: Only part of a ReadProcessMemory or WriteProcessMemory request was completed. (0x12B)
[0114/002611.545:ERROR:process_memory_win.cc(73)] ReadMemory at 0x1f344a35bc0 of 132 bytes failed: Only part of a ReadProcessMemory or WriteProcessMemory request was completed. (0x12B)
[0114/002611.545:ERROR:process_memory_win.cc(73)] ReadMemory at 0x1f344a35d50 of 60 bytes failed: Only part of a ReadProcessMemory or WriteProcessMemory request was completed. (0x12B)
[0114/002611.569:ERROR:process_memory_win.cc(73)] ReadMemory at 0x1f344a3d2c0 of 60 bytes failed: Only part of a ReadProcessMemory or WriteProcessMemory request was completed. (0x12B)
[0114/002611.581:ERROR:process_memory_win.cc(73)] ReadMemory at 0x1f344a3d400 of 64 bytes failed: Only part of a ReadProcessMemory or WriteProcessMemory request was completed. (0x12B)
[0114/002611.590:ERROR:process_memory_win.cc(73)] ReadMemory at 0x1f344a3d590 of 62 bytes failed: Only part of a ReadProcessMemory or WriteProcessMemory request was completed. (0x12B)
[0114/002611.685:ERROR:process_memory_win.cc(73)] ReadMemory at 0x1f344a3e130 of 54 bytes failed: Only part of a ReadProcessMemory or WriteProcessMemory request was completed. (0x12B)
[0114/002611.740:ERROR:process_memory_win.cc(73)] ReadMemory at 0x1f344a42a00 of 132 bytes failed: Only part of a ReadProcessMemory or WriteProcessMemory request was completed. (0x12B)
[0114/002611.740:ERROR:process_memory_win.cc(73)] ReadMemory at 0x1f344a42ee0 of 132 bytes failed: Only part of a ReadProcessMemory or WriteProcessMemory request was completed. (0x12B)
[0114/002611.740:ERROR:process_memory_win.cc(73)] ReadMemory at 0x1f344a43730 of 80 bytes failed: Only part of a ReadProcessMemory or WriteProcessMemory request was completed. (0x12B)
[0114/002611.741:ERROR:process_memory_win.cc(73)] ReadMemory at 0x1f344a43fe0 of 132 bytes failed: Only part of a ReadProcessMemory or WriteProcessMemory request was completed. (0x12B)
[0114/002611.741:ERROR:process_memory_win.cc(73)] ReadMemory at 0x1f344a44140 of 132 bytes failed: Only part of a ReadProcessMemory or WriteProcessMemory request was completed. (0x12B)
[0114/002611.973:ERROR:process_memory_win.cc(73)] ReadMemory at 0x1f344a46b30 of 66 bytes failed: Only part of a ReadProcessMemory or WriteProcessMemory request was completed. (0x12B)
[0114/002611.974:ERROR:process_memory_win.cc(73)] ReadMemory at 0x1f344a46b80 of 62 bytes failed: Only part of a ReadProcessMemory or WriteProcessMemory request was completed. (0x12B)
[0114/002611.975:ERROR:process_memory_win.cc(73)] ReadMemory at 0x1f344a46c20 of 62 bytes failed: Only part of a ReadProcessMemory or WriteProcessMemory request was completed. (0x12B)
[0114/002611.976:ERROR:process_memory_win.cc(73)] ReadMemory at 0x1f344a46c70 of 60 bytes failed: Only part of a ReadProcessMemory or WriteProcessMemory request was completed. (0x12B)
[0114/002612.436:ERROR:process_memory_win.cc(73)] ReadMemory at 0x1f344a46d60 of 64 bytes failed: Only part of a ReadProcessMemory or WriteProcessMemory request was completed. (0x12B)
[0114/002612.439:ERROR:process_memory_win.cc(73)] ReadMemory at 0x1f344a46db0 of 62 bytes failed: Only part of a ReadProcessMemory or WriteProcessMemory request was completed. (0x12B)
[0114/002612.439:ERROR:process_memory_win.cc(73)] ReadMemory at 0x1f344a46e00 of 64 bytes failed: Only part of a ReadProcessMemory or WriteProcessMemory request was completed. (0x12B)
[0114/002612.440:ERROR:process_memory_win.cc(73)] ReadMemory at 0x1f344a46e50 of 64 bytes failed: Only part of a ReadProcessMemory or WriteProcessMemory request was completed. (0x12B)
[0114/002612.440:ERROR:process_memory_win.cc(73)] ReadMemory at 0x1f344a47120 of 64 bytes failed: Only part of a ReadProcessMemory or WriteProcessMemory request was completed. (0x12B)
[0114/002612.441:ERROR:process_memory_win.cc(73)] ReadMemory at 0x1f344a47300 of 64 bytes failed: Only part of a ReadProcessMemory or WriteProcessMemory request was completed. (0x12B)
[0114/002612.441:ERROR:process_memory_win.cc(73)] ReadMemory at 0x1f344a47350 of 62 bytes failed: Only part of a ReadProcessMemory or WriteProcessMemory request was completed. (0x12B)
[0114/002612.441:ERROR:process_memory_win.cc(73)] ReadMemory at 0x1f344a474e0 of 62 bytes failed: Only part of a ReadProcessMemory or WriteProcessMemory request was completed. (0x12B)
[0114/002612.489:ERROR:process_memory_win.cc(73)] ReadMemory at 0x1f344a47530 of 60 bytes failed: Only part of a ReadProcessMemory or WriteProcessMemory request was completed. (0x12B)
[0114/002612.528:ERROR:process_memory_win.cc(73)] ReadMemory at 0x1f344a47580 of 62 bytes failed: Only part of a ReadProcessMemory or WriteProcessMemory request was completed. (0x12B)
[0114/002612.528:ERROR:process_memory_win.cc(73)] ReadMemory at 0x1f344a47670 of 64 bytes failed: Only part of a ReadProcessMemory or WriteProcessMemory request was completed. (0x12B)
[0114/002612.528:ERROR:process_memory_win.cc(73)] ReadMemory at 0x1f344a476c0 of 66 bytes failed: Only part of a ReadProcessMemory or WriteProcessMemory request was completed. (0x12B)
[0114/002612.528:ERROR:process_memory_win.cc(73)] ReadMemory at 0x1f344a47760 of 62 bytes failed: Only part of a ReadProcessMemory or WriteProcessMemory request was completed. (0x12B)
[0114/002612.528:ERROR:process_memory_win.cc(73)] ReadMemory at 0x1f344a47800 of 60 bytes failed: Only part of a ReadProcessMemory or WriteProcessMemory request was completed. (0x12B)
[0114/002612.529:ERROR:process_memory_win.cc(73)] ReadMemory at 0x1f344a47850 of 64 bytes failed: Only part of a ReadProcessMemory or WriteProcessMemory request was completed. (0x12B)
[0114/002612.529:ERROR:process_memory_win.cc(73)] ReadMemory at 0x1f344a478a0 of 60 bytes failed: Only part of a ReadProcessMemory or WriteProcessMemory request was completed. (0x12B)
[0114/002612.529:ERROR:process_memory_win.cc(73)] ReadMemory at 0x1f344a478f0 of 62 bytes failed: Only part of a ReadProcessMemory or WriteProcessMemory request was completed. (0x12B)
[0114/002612.529:ERROR:process_memory_win.cc(73)] ReadMemory at 0x1f344a47940 of 60 bytes failed: Only part of a ReadProcessMemory or WriteProcessMemory request was completed. (0x12B)
[0114/002612.529:ERROR:process_memory_win.cc(73)] ReadMemory at 0x1f344a479e0 of 62 bytes failed: Only part of a ReadProcessMemory or WriteProcessMemory request was completed. (0x12B)
[0114/002612.646:ERROR:process_memory_win.cc(73)] ReadMemory at 0x1f344a47a30 of 58 bytes failed: Only part of a ReadProcessMemory or WriteProcessMemory request was completed. (0x12B)
[0114/002612.647:ERROR:process_memory_win.cc(73)] ReadMemory at 0x1f344a48770 of 132 bytes failed: Only part of a ReadProcessMemory or WriteProcessMemory request was completed. (0x12B)
[0114/002612.647:ERROR:process_memory_win.cc(73)] ReadMemory at 0x1f344a488a0 of 134 bytes failed: Only part of a ReadProcessMemory or WriteProcessMemory request was completed. (0x12B)
[0114/002612.648:ERROR:process_memory_win.cc(73)] ReadMemory at 0x1f344a48b80 of 80 bytes failed: Only part of a ReadProcessMemory or WriteProcessMemory request was completed. (0x12B)
[0114/002612.648:ERROR:process_memory_win.cc(73)] ReadMemory at 0x1f344a496c0 of 76 bytes failed: Only part of a ReadProcessMemory or WriteProcessMemory request was completed. (0x12B)
[0114/002612.648:ERROR:process_memory_win.cc(73)] ReadMemory at 0x1f344a4ae40 of 132 bytes failed: Only part of a ReadProcessMemory or WriteProcessMemory request was completed. (0x12B)
[0114/002612.649:ERROR:process_memory_win.cc(73)] ReadMemory at 0x1f344a4b160 of 132 bytes failed: Only part of a ReadProcessMemory or WriteProcessMemory request was completed. (0x12B)
[0114/002612.649:ERROR:process_memory_win.cc(73)] ReadMemory at 0x1f344a4de90 of 132 bytes failed: Only part of a ReadProcessMemory or WriteProcessMemory request was completed. (0x12B)
[0114/002612.649:ERROR:process_memory_win.cc(73)] ReadMemory at 0x1f344a4dfd0 of 132 bytes failed: Only part of a ReadProcessMemory or WriteProcessMemory request was completed. (0x12B)
[0114/002612.814:ERROR:process_memory_win.cc(73)] ReadMemory at 0x1f344a4e330 of 132 bytes failed: Only part of a ReadProcessMemory or WriteProcessMemory request was completed. (0x12B)
[0114/002612.902:ERROR:process_memory_win.cc(73)] ReadMemory at 0x1f344a4e590 of 132 bytes failed: Only part of a ReadProcessMemory or WriteProcessMemory request was completed. (0x12B)
[0114/002612.927:ERROR:process_memory_win.cc(73)] ReadMemory at 0x1f344a4e6c0 of 132 bytes failed: Only part of a ReadProcessMemory or WriteProcessMemory request was completed. (0x12B)
[0114/002612.927:ERROR:process_memory_win.cc(73)] ReadMemory at 0x1f344a4e7f0 of 132 bytes failed: Only part of a ReadProcessMemory or WriteProcessMemory request was completed. (0x12B)
[0114/002612.928:ERROR:process_memory_win.cc(73)] ReadMemory at 0x1f344a4e920 of 132 bytes failed: Only part of a ReadProcessMemory or WriteProcessMemory request was completed. (0x12B)
[0114/002612.928:ERROR:process_memory_win.cc(73)] ReadMemory at 0x1f344a4ea50 of 132 bytes failed: Only part of a ReadProcessMemory or WriteProcessMemory request was completed. (0x12B)
[0114/002612.928:ERROR:process_memory_win.cc(73)] ReadMemory at 0x1f344a4eb80 of 132 bytes failed: Only part of a ReadProcessMemory or WriteProcessMemory request was completed. (0x12B)
[0114/002612.929:ERROR:process_memory_win.cc(73)] ReadMemory at 0x1f344a4ede0 of 132 bytes failed: Only part of a ReadProcessMemory or WriteProcessMemory request was completed. (0x12B)
[0114/002612.929:ERROR:process_memory_win.cc(73)] ReadMemory at 0x1f344a4ef10 of 132 bytes failed: Only part of a ReadProcessMemory or WriteProcessMemory request was completed. (0x12B)
[0114/002612.929:ERROR:process_memory_win.cc(73)] ReadMemory at 0x1f344a4f040 of 132 bytes failed: Only part of a ReadProcessMemory or WriteProcessMemory request was completed. (0x12B)
[0114/002612.929:ERROR:process_memory_win.cc(73)] ReadMemory at 0x1f344a4f170 of 132 bytes failed: Only part of a ReadProcessMemory or WriteProcessMemory request was completed. (0x12B)
[0114/002612.930:ERROR:process_memory_win.cc(73)] ReadMemory at 0x1f344a4f2a0 of 132 bytes failed: Only part of a ReadProcessMemory or WriteProcessMemory request was completed. (0x12B)
[0114/002612.930:ERROR:process_memory_win.cc(73)] ReadMemory at 0x1f344a4f3d0 of 132 bytes failed: Only part of a ReadProcessMemory or WriteProcessMemory request was completed. (0x12B)
[0114/002612.930:ERROR:process_memory_win.cc(73)] ReadMemory at 0x1f344a50430 of 132 bytes failed: Only part of a ReadProcessMemory or WriteProcessMemory request was completed. (0x12B)
[0114/002612.931:ERROR:process_memory_win.cc(73)] ReadMemory at 0x1f344a50560 of 132 bytes failed: Only part of a ReadProcessMemory or WriteProcessMemory request was completed. (0x12B)
[0114/002612.931:ERROR:process_memory_win.cc(73)] ReadMemory at 0x1f344a50db0 of 132 bytes failed: Only part of a ReadProcessMemory or WriteProcessMemory request was completed. (0x12B)
[0114/002612.931:ERROR:process_memory_win.cc(73)] ReadMemory at 0x1f344a514d0 of 132 bytes failed: Only part of a ReadProcessMemory or WriteProcessMemory request was completed. (0x12B)
[0114/002612.932:ERROR:process_memory_win.cc(73)] ReadMemory at 0x1f344a51600 of 132 bytes failed: Only part of a ReadProcessMemory or WriteProcessMemory request was completed. (0x12B)
[0114/002612.932:ERROR:process_memory_win.cc(73)] ReadMemory at 0x1f344a51990 of 132 bytes failed: Only part of a ReadProcessMemory or WriteProcessMemory request was completed. (0x12B)
[0114/002612.933:ERROR:process_memory_win.cc(73)] ReadMemory at 0x1f344a51bf0 of 132 bytes failed: Only part of a ReadProcessMemory or WriteProcessMemory request was completed. (0x12B)
[0114/002612.933:ERROR:process_memory_win.cc(73)] ReadMemory at 0x1f344a51d20 of 132 bytes failed: Only part of a ReadProcessMemory or WriteProcessMemory request was completed. (0x12B)
[0114/002612.933:ERROR:process_memory_win.cc(73)] ReadMemory at 0x1f344a51e50 of 132 bytes failed: Only part of a ReadProcessMemory or WriteProcessMemory request was completed. (0x12B)
[0114/002612.934:ERROR:process_memory_win.cc(73)] ReadMemory at 0x1f344a521e0 of 132 bytes failed: Only part of a ReadProcessMemory or WriteProcessMemory request was completed. (0x12B)
[0114/002612.934:ERROR:process_memory_win.cc(73)] ReadMemory at 0x1f344aa6e40 of 512 bytes failed: Only part of a ReadProcessMemory or WriteProcessMemory request was completed. (0x12B)
[0114/002612.935:ERROR:process_memory_win.cc(73)] ReadMemory at 0x1f344aa73c0 of 512 bytes failed: Only part of a ReadProcessMemory or WriteProcessMemory request was completed. (0x12B)
[0114/002612.936:ERROR:process_memory_win.cc(73)] ReadMemory at 0x1f344ab12d0 of 512 bytes failed: Only part of a ReadProcessMemory or WriteProcessMemory request was completed. (0x12B)
[0114/002612.936:ERROR:process_memory_win.cc(73)] ReadMemory at 0x1f344ab3300 of 512 bytes failed: Only part of a ReadProcessMemory or WriteProcessMemory request was completed. (0x12B)
[0114/002612.937:ERROR:process_memory_win.cc(73)] ReadMemory at 0x1f344ad96c0 of 512 bytes failed: Only part of a ReadProcessMemory or WriteProcessMemory request was completed. (0x12B)
[0114/002612.937:ERROR:process_memory_win.cc(73)] ReadMemory at 0x1f344ae0bf8 of 512 bytes failed: Only part of a ReadProcessMemory or WriteProcessMemory request was completed. (0x12B)
[0114/002612.937:ERROR:process_memory_win.cc(73)] ReadMemory at 0x1f344ae1f00 of 512 bytes failed: Only part of a ReadProcessMemory or WriteProcessMemory request was completed. (0x12B)
[0114/002612.938:ERROR:process_memory_win.cc(73)] ReadMemory at 0x1f344af3060 of 712 bytes failed: Only part of a ReadProcessMemory or WriteProcessMemory request was completed. (0x12B)
[0114/002612.938:ERROR:process_memory_win.cc(73)] ReadMemory at 0x1f344b067b0 of 512 bytes failed: Only part of a ReadProcessMemory or WriteProcessMemory request was completed. (0x12B)
[0114/002612.939:ERROR:process_memory_win.cc(73)] ReadMemory at 0x1f344b089b8 of 512 bytes failed: Only part of a ReadProcessMemory or WriteProcessMemory request was completed. (0x12B)
[0114/002612.939:ERROR:process_memory_win.cc(73)] ReadMemory at 0x1f344b09468 of 512 bytes failed: Only part of a ReadProcessMemory or WriteProcessMemory request was completed. (0x12B)
[0114/002612.939:ERROR:process_memory_win.cc(73)] ReadMemory at 0x1f3466eed76 of 1072 bytes failed: Only part of a ReadProcessMemory or WriteProcessMemory request was completed. (0x12B)
[0114/002612.940:ERROR:process_memory_win.cc(73)] ReadMemory at 0x1f346e79930 of 576 bytes failed: Only part of a ReadProcessMemory or WriteProcessMemory request was completed. (0x12B)
[0114/002612.940:ERROR:process_memory_win.cc(73)] ReadMemory at 0x1f347616380 of 512 bytes failed: Only part of a ReadProcessMemory or WriteProcessMemory request was completed. (0x12B)
[0114/002612.940:ERROR:process_memory_win.cc(73)] ReadMemory at 0x1f3476e6fb0 of 512 bytes failed: Only part of a ReadProcessMemory or WriteProcessMemory request was completed. (0x12B)
[0114/002612.941:ERROR:process_memory_win.cc(73)] ReadMemory at 0x1f3476e7850 of 512 bytes failed: Only part of a ReadProcessMemory or WriteProcessMemory request was completed. (0x12B)
[0114/002612.941:ERROR:process_memory_win.cc(73)] ReadMemory at 0x1f347bc8d70 of 528 bytes failed: Only part of a ReadProcessMemory or WriteProcessMemory request was completed. (0x12B)
[0114/002612.941:ERROR:process_memory_win.cc(73)] ReadMemory at 0x1f347d78a90 of 512 bytes failed: Only part of a ReadProcessMemory or WriteProcessMemory request was completed. (0x12B)
[0114/002612.942:ERROR:process_memory_win.cc(73)] ReadMemory at 0x1f348cb56b0 of 512 bytes failed: Only part of a ReadProcessMemory or WriteProcessMemory request was completed. (0x12B)
[0114/002612.942:ERROR:process_memory_win.cc(73)] ReadMemory at 0x1f34e0afef0 of 512 bytes failed: Only part of a ReadProcessMemory or WriteProcessMemory request was completed. (0x12B)
[0114/002612.942:ERROR:process_memory_win.cc(73)] ReadMemory at 0x1f34eea0680 of 512 bytes failed: Only part of a ReadProcessMemory or WriteProcessMemory request was completed. (0x12B)
[0114/002612.943:ERROR:process_memory_win.cc(73)] ReadMemory at 0x23940e35b3ec of 512 bytes failed: Only part of a ReadProcessMemory or WriteProcessMemory request was completed. (0x12B)
[0114/002612.943:ERROR:process_memory_win.cc(73)] ReadMemory at 0x2394152bff80 of 512 bytes failed: Only part of a ReadProcessMemory or WriteProcessMemory request was completed. (0x12B)
[0114/002612.943:ERROR:process_memory_win.cc(73)] ReadMemory at 0x2394152c4888 of 512 bytes failed: Only part of a ReadProcessMemory or WriteProcessMemory request was completed. (0x12B)
[0114/002612.943:ERROR:process_memory_win.cc(73)] ReadMemory at 0x23941538494c of 513 bytes failed: Only part of a ReadProcessMemory or WriteProcessMemory request was completed. (0x12B)
[0114/002612.943:ERROR:process_memory_win.cc(73)] ReadMemory at 0x2394153853c9 of 535 bytes failed: Only part of a ReadProcessMemory or WriteProcessMemory request was completed. (0x12B)
[0114/002612.944:ERROR:process_memory_win.cc(73)] ReadMemory at 0x2394172d93cd of 512 bytes failed: Only part of a ReadProcessMemory or WriteProcessMemory request was completed. (0x12B)
[0114/002613.027:ERROR:process_memory_win.cc(73)] ReadMemory at 0x2394172daad9 of 512 bytes failed: Only part of a ReadProcessMemory or WriteProcessMemory request was completed. (0x12B)
[0114/002613.027:ERROR:process_memory_win.cc(73)] ReadMemory at 0x23942842b580 of 512 bytes failed: Only part of a ReadProcessMemory or WriteProcessMemory request was completed. (0x12B)
[0114/002613.028:ERROR:process_memory_win.cc(73)] ReadMemory at 0x23942843ff80 of 128 bytes failed: Only part of a ReadProcessMemory or WriteProcessMemory request was completed. (0x12B)
[0114/002613.028:ERROR:process_memory_win.cc(73)] ReadMemory at 0x239438068b55 of 518 bytes failed: Only part of a ReadProcessMemory or WriteProcessMemory request was completed. (0x12B)
[0114/002613.028:ERROR:process_memory_win.cc(73)] ReadMemory at 0x2394381d5ae0 of 512 bytes failed: Only part of a ReadProcessMemory or WriteProcessMemory request was completed. (0x12B)
[0114/002613.029:ERROR:process_memory_win.cc(73)] ReadMemory at 0x239438636791 of 540 bytes failed: Only part of a ReadProcessMemory or WriteProcessMemory request was completed. (0x12B)
[0114/002613.029:ERROR:process_memory_win.cc(73)] ReadMemory at 0x49a4e33356c0 of 512 bytes failed: Only part of a ReadProcessMemory or WriteProcessMemory request was completed. (0x12B)
[0114/002613.030:ERROR:process_memory_win.cc(73)] ReadMemory at 0x7ffde1753cb0 of 555 bytes failed: Only part of a ReadProcessMemory or WriteProcessMemory request was completed. (0x12B)
[0114/002613.030:ERROR:process_memory_win.cc(73)] ReadMemory at 0x7ffde71f8f2b of 512 bytes failed: Only part of a ReadProcessMemory or WriteProcessMemory request was completed. (0x12B)
[0114/002613.030:ERROR:process_memory_win.cc(73)] ReadMemory at 0x7ffdfcc3a8b7 of 512 bytes failed: Only part of a ReadProcessMemory or WriteProcessMemory request was completed. (0x12B)
[0114/002613.031:ERROR:process_memory_win.cc(73)] ReadMemory at 0x7ffe40d71fd0 of 512 bytes failed: Only part of a ReadProcessMemory or WriteProcessMemory request was completed. (0x12B)
[0114/002613.031:ERROR:process_memory_win.cc(73)] ReadMemory at 0x7ffe41a412a3 of 512 bytes failed: Only part of a ReadProcessMemory or WriteProcessMemory request was completed. (0x12B)
[0114/002613.031:ERROR:process_memory_win.cc(73)] ReadMemory at 0x7ffe41a9c6f4 of 672 bytes failed: Only part of a ReadProcessMemory or WriteProcessMemory request was completed. (0x12B)
[0114/002613.032:ERROR:process_memory_win.cc(73)] ReadMemory at 0x7ffe41a9ffa4 of 608 bytes failed: Only part of a ReadProcessMemory or WriteProcessMemory request was completed. (0x12B)
[0114/002613.032:ERROR:process_memory_win.cc(73)] ReadMemory at 0x7ffe41b2c428 of 18 bytes failed: Only part of a ReadProcessMemory or WriteProcessMemory request was completed. (0x12B)
[0114/002613.032:ERROR:process_memory_win.cc(73)] ReadMemory at 0x7ffe41b5f4f8 of 40 bytes failed: Only part of a ReadProcessMemory or WriteProcessMemory request was completed. (0x12B)
[0114/002613.033:ERROR:process_memory_win.cc(73)] ReadMemory at 0x7ffe41b5f978 of 48 bytes failed: Only part of a ReadProcessMemory or WriteProcessMemory request was completed. (0x12B)
[0114/002613.033:ERROR:process_memory_win.cc(73)] ReadMemory at 0x7ffe41b653c0 of 64 bytes failed: Only part of a ReadProcessMemory or WriteProcessMemory request was completed. (0x12B)
[0114/002613.245:ERROR:filesystem_win.cc(129)] GetFileAttributes C:\Users\Md. Ashraf Ali\AppData\Local\Google\Chrome\User Data\Crashpad\attachments\d805d5a8-b427-42e0-a94f-0c4ef5a9f17c: The system cannot find the path specified. (0x3)
[0114/002613.067:ERROR:scoped_process_suspend.cc(40)] NtResumeProcess: An attempt was made to access an exiting process. (0xc000010a)
[0115/210129.477:ERROR:directory_reader_win.cc(43)] FindFirstFile: The system cannot find the path specified. (0x3)
